# JRE version: Java(TM) SE Runtime Environment (17.0.10+11) (build 17.0.10+11-LTS-240)
# Java VM: Java HotSpot(TM) 64-Bit Server VM (17.0.10+11-LTS-240, mixed mode, emulated-client, sharing, tiered, compressed oops, compressed class ptrs, g1 gc, windows-amd64)
GC Precious Log:
 CPUs: 8 total, 8 available
 Memory: 7834M
 Large Page Support: Disabled
 NUMA Support: Disabled
 Compressed Oops: Enabled (32-bit)
 Heap Region Size: 1M
 Heap Min Capacity: 8M
 Heap Initial Capacity: 124M
 Heap Max Capacity: 1960M
 Pre-touch: Disabled
 Parallel Workers: 8
 Concurrent Workers: 2
 Concurrent Refinement Workers: 8
 Periodic GC: Disabled
Heap:
 garbage-first heap   total 78848K, used 43608K [0x0000000085800000, 0x0000000100000000)
  region size 1024K, 8 young (8192K), 2 survivors (2048K)
 Metaspace       used 57090K, committed 57600K, reserved 1114112K
  class space    used 8057K, committed 8320K, reserved 1048576K
GC Heap History (20 events):
Event: 3.207 GC heap before
{Heap before GC invocations=2 (full 0):
 garbage-first heap   total 126976K, used 61175K [0x0000000085800000, 0x0000000100000000)
  region size 1024K, 46 young (47104K), 2 survivors (2048K)
 Metaspace       used 13344K, committed 13632K, reserved 1114112K
  class space    used 1715K, committed 1856K, reserved 1048576K
}
Event: 3.216 GC heap after
{Heap after GC invocations=3 (full 0):
 garbage-first heap   total 126976K, used 19547K [0x0000000085800000, 0x0000000100000000)
  region size 1024K, 5 young (5120K), 5 survivors (5120K)
 Metaspace       used 13344K, committed 13632K, reserved 1114112K
  class space    used 1715K, committed 1856K, reserved 1048576K
}
Event: 11.098 GC heap before
{Heap before GC invocations=3 (full 0):
 garbage-first heap   total 126976K, used 69723K [0x0000000085800000, 0x0000000100000000)
  region size 1024K, 55 young (56320K), 5 survivors (5120K)
 Metaspace       used 21261K, committed 21504K, reserved 1114112K
  class space    used 2897K, committed 3008K, reserved 1048576K
}
Event: 11.108 GC heap after
{Heap after GC invocations=4 (full 0):
 garbage-first heap   total 126976K, used 22731K [0x0000000085800000, 0x0000000100000000)
  region size 1024K, 8 young (8192K), 8 survivors (8192K)
 Metaspace       used 21261K, committed 21504K, reserved 1114112K
  class space    used 2897K, committed 3008K, reserved 1048576K
}
Event: 12.264 GC heap before
{Heap before GC invocations=5 (full 0):
 garbage-first heap   total 78848K, used 60619K [0x0000000085800000, 0x0000000100000000)
  region size 1024K, 46 young (47104K), 8 survivors (8192K)
 Metaspace       used 23473K, committed 23808K, reserved 1114112K
  class space    used 3207K, committed 3328K, reserved 1048576K
}
Event: 12.277 GC heap after
{Heap after GC invocations=6 (full 0):
 garbage-first heap   total 78848K, used 22880K [0x0000000085800000, 0x0000000100000000)
  region size 1024K, 6 young (6144K), 6 survivors (6144K)
 Metaspace       used 23473K, committed 23808K, reserved 1114112K
  class space    used 3207K, committed 3328K, reserved 1048576K
}
Event: 14.366 GC heap before
{Heap before GC invocations=6 (full 0):
 garbage-first heap   total 78848K, used 54624K [0x0000000085800000, 0x0000000100000000)
  region size 1024K, 37 young (37888K), 6 survivors (6144K)
 Metaspace       used 27155K, committed 27584K, reserved 1114112K
  class space    used 3836K, committed 4032K, reserved 1048576K
}
Event: 14.375 GC heap after
{Heap after GC invocations=7 (full 0):
 garbage-first heap   total 78848K, used 24644K [0x0000000085800000, 0x0000000100000000)
  region size 1024K, 5 young (5120K), 5 survivors (5120K)
 Metaspace       used 27155K, committed 27584K, reserved 1114112K
  class space    used 3836K, committed 4032K, reserved 1048576K
}
Event: 19.135 GC heap before
{Heap before GC invocations=7 (full 0):
 garbage-first heap   total 78848K, used 57412K [0x0000000085800000, 0x0000000100000000)
  region size 1024K, 37 young (37888K), 5 survivors (5120K)
 Metaspace       used 32096K, committed 32512K, reserved 1114112K
  class space    used 4522K, committed 4736K, reserved 1048576K
}
Event: 19.143 GC heap after
{Heap after GC invocations=8 (full 0):
 garbage-first heap   total 78848K, used 27057K [0x0000000085800000, 0x0000000100000000)
  region size 1024K, 4 young (4096K), 4 survivors (4096K)
 Metaspace       used 32096K, committed 32512K, reserved 1114112K
  class space    used 4522K, committed 4736K, reserved 1048576K
}
Event: 20.084 GC heap before
{Heap before GC invocations=8 (full 0):
 garbage-first heap   total 78848K, used 64945K [0x0000000085800000, 0x0000000100000000)
  region size 1024K, 36 young (36864K), 4 survivors (4096K)
 Metaspace       used 34437K, committed 34880K, reserved 1114112K
  class space    used 4854K, committed 5056K, reserved 1048576K
}
Event: 20.092 GC heap after
{Heap after GC invocations=9 (full 0):
 garbage-first heap   total 78848K, used 32390K [0x0000000085800000, 0x0000000100000000)
  region size 1024K, 5 young (5120K), 5 survivors (5120K)
 Metaspace       used 34437K, committed 34880K, reserved 1114112K
  class space    used 4854K, committed 5056K, reserved 1048576K
}
Event: 20.444 GC heap before
{Heap before GC invocations=9 (full 0):
 garbage-first heap   total 78848K, used 45702K [0x0000000085800000, 0x0000000100000000)
  region size 1024K, 19 young (19456K), 5 survivors (5120K)
 Metaspace       used 35558K, committed 35968K, reserved 1114112K
  class space    used 5011K, committed 5184K, reserved 1048576K
}
Event: 20.449 GC heap after
{Heap after GC invocations=10 (full 0):
 garbage-first heap   total 78848K, used 33668K [0x0000000085800000, 0x0000000100000000)
  region size 1024K, 2 young (2048K), 2 survivors (2048K)
 Metaspace       used 35558K, committed 35968K, reserved 1114112K
  class space    used 5011K, committed 5184K, reserved 1048576K
}
Event: 21.287 GC heap before
{Heap before GC invocations=11 (full 0):
 garbage-first heap   total 78848K, used 60292K [0x0000000085800000, 0x0000000100000000)
  region size 1024K, 28 young (28672K), 2 survivors (2048K)
 Metaspace       used 40588K, committed 41024K, reserved 1114112K
  class space    used 5770K, committed 5952K, reserved 1048576K
}
Event: 21.291 GC heap after
{Heap after GC invocations=12 (full 0):
 garbage-first heap   total 78848K, used 34547K [0x0000000085800000, 0x0000000100000000)
  region size 1024K, 2 young (2048K), 2 survivors (2048K)
 Metaspace       used 40588K, committed 41024K, reserved 1114112K
  class space    used 5770K, committed 5952K, reserved 1048576K
}
Event: 23.593 GC heap before
{Heap before GC invocations=12 (full 0):
 garbage-first heap   total 78848K, used 62195K [0x0000000085800000, 0x0000000100000000)
  region size 1024K, 29 young (29696K), 2 survivors (2048K)
 Metaspace       used 49705K, committed 50240K, reserved 1114112K
  class space    used 7018K, committed 7296K, reserved 1048576K
}
Event: 23.598 GC heap after
{Heap after GC invocations=13 (full 0):
 garbage-first heap   total 78848K, used 36938K [0x0000000085800000, 0x0000000100000000)
  region size 1024K, 4 young (4096K), 4 survivors (4096K)
 Metaspace       used 49705K, committed 50240K, reserved 1114112K
  class space    used 7018K, committed 7296K, reserved 1048576K
}
Event: 25.383 GC heap before
{Heap before GC invocations=13 (full 0):
 garbage-first heap   total 78848K, used 60490K [0x0000000085800000, 0x0000000100000000)
  region size 1024K, 28 young (28672K), 4 survivors (4096K)
 Metaspace       used 54794K, committed 55360K, reserved 1114112K
  class space    used 7718K, committed 8000K, reserved 1048576K
}
Event: 25.389 GC heap after
{Heap after GC invocations=14 (full 0):
 garbage-first heap   total 78848K, used 38488K [0x0000000085800000, 0x0000000100000000)
  region size 1024K, 2 young (2048K), 2 survivors (2048K)
 Metaspace       used 54794K, committed 55360K, reserved 1114112K
  class space    used 7718K, committed 8000K, reserved 1048576K
}

