# JRE version: Java(TM) SE Runtime Environment (17.0.10+11) (build 17.0.10+11-LTS-240)
# Java VM: Java HotSpot(TM) 64-Bit Server VM (17.0.10+11-LTS-240, mixed mode, sharing, tiered, compressed oops, compressed class ptrs, g1 gc, windows-amd64)
GC Precious Log:
 CPUs: 8 total, 8 available
 Memory: 7834M
 Large Page Support: Disabled
 NUMA Support: Disabled
 Compressed Oops: Enabled (32-bit)
 Heap Region Size: 1M
 Heap Min Capacity: 8M
 Heap Initial Capacity: 124M
 Heap Max Capacity: 1960M
 Pre-touch: Disabled
 Parallel Workers: 8
 Concurrent Workers: 2
 Concurrent Refinement Workers: 8
 Periodic GC: Disabled
Heap:
 garbage-first heap   total 109568K, used 76651K [0x0000000085800000, 0x0000000100000000)
  region size 1024K, 29 young (29696K), 1 survivors (1024K)
 Metaspace       used 83456K, committed 84160K, reserved 1179648K
  class space    used 10761K, committed 11136K, reserved 1048576K
GC Heap History (20 events):
Event: 261.278 GC heap before
{Heap before GC invocations=30 (full 1):
 garbage-first heap   total 91136K, used 46506K [0x0000000085800000, 0x0000000100000000)
  region size 1024K, 5 young (5120K), 2 survivors (2048K)
 Metaspace       used 81365K, committed 81984K, reserved 1179648K
  class space    used 10643K, committed 10944K, reserved 1048576K
}
Event: 261.280 GC heap after
{Heap after GC invocations=31 (full 1):
 garbage-first heap   total 91136K, used 45349K [0x0000000085800000, 0x0000000100000000)
  region size 1024K, 3 young (3072K), 3 survivors (3072K)
 Metaspace       used 81365K, committed 81984K, reserved 1179648K
  class space    used 10643K, committed 10944K, reserved 1048576K
}
Event: 261.711 GC heap before
{Heap before GC invocations=32 (full 1):
 garbage-first heap   total 91136K, used 74021K [0x0000000085800000, 0x0000000100000000)
  region size 1024K, 30 young (30720K), 3 survivors (3072K)
 Metaspace       used 81818K, committed 82496K, reserved 1179648K
  class space    used 10671K, committed 11008K, reserved 1048576K
}
Event: 261.715 GC heap after
{Heap after GC invocations=33 (full 1):
 garbage-first heap   total 91136K, used 45962K [0x0000000085800000, 0x0000000100000000)
  region size 1024K, 2 young (2048K), 2 survivors (2048K)
 Metaspace       used 81818K, committed 82496K, reserved 1179648K
  class space    used 10671K, committed 11008K, reserved 1048576K
}
Event: 262.492 GC heap before
{Heap before GC invocations=33 (full 1):
 garbage-first heap   total 91136K, used 72586K [0x0000000085800000, 0x0000000100000000)
  region size 1024K, 28 young (28672K), 2 survivors (2048K)
 Metaspace       used 82405K, committed 83072K, reserved 1179648K
  class space    used 10727K, committed 11072K, reserved 1048576K
}
Event: 262.495 GC heap after
{Heap after GC invocations=34 (full 1):
 garbage-first heap   total 91136K, used 47831K [0x0000000085800000, 0x0000000100000000)
  region size 1024K, 4 young (4096K), 4 survivors (4096K)
 Metaspace       used 82405K, committed 83072K, reserved 1179648K
  class space    used 10727K, committed 11072K, reserved 1048576K
}
Event: 269.019 GC heap before
{Heap before GC invocations=35 (full 1):
 garbage-first heap   total 91136K, used 54999K [0x0000000085800000, 0x0000000100000000)
  region size 1024K, 12 young (12288K), 4 survivors (4096K)
 Metaspace       used 82474K, committed 83200K, reserved 1179648K
  class space    used 10731K, committed 11072K, reserved 1048576K
}
Event: 269.060 GC heap after
{Heap after GC invocations=36 (full 2):
 garbage-first heap   total 91136K, used 41352K [0x0000000085800000, 0x0000000100000000)
  region size 1024K, 0 young (0K), 0 survivors (0K)
 Metaspace       used 82471K, committed 83200K, reserved 1179648K
  class space    used 10731K, committed 11072K, reserved 1048576K
}
Event: 273.122 GC heap before
{Heap before GC invocations=36 (full 2):
 garbage-first heap   total 91136K, used 73096K [0x0000000085800000, 0x0000000100000000)
  region size 1024K, 31 young (31744K), 0 survivors (0K)
 Metaspace       used 82556K, committed 83328K, reserved 1179648K
  class space    used 10736K, committed 11136K, reserved 1048576K
}
Event: 273.125 GC heap after
{Heap after GC invocations=37 (full 2):
 garbage-first heap   total 91136K, used 44005K [0x0000000085800000, 0x0000000100000000)
  region size 1024K, 3 young (3072K), 3 survivors (3072K)
 Metaspace       used 82556K, committed 83328K, reserved 1179648K
  class space    used 10736K, committed 11136K, reserved 1048576K
}
Event: 273.356 GC heap before
{Heap before GC invocations=38 (full 2):
 garbage-first heap   total 91136K, used 72677K [0x0000000085800000, 0x0000000100000000)
  region size 1024K, 31 young (31744K), 3 survivors (3072K)
 Metaspace       used 82654K, committed 83392K, reserved 1179648K
  class space    used 10738K, committed 11136K, reserved 1048576K
}
Event: 273.359 GC heap after
{Heap after GC invocations=39 (full 2):
 garbage-first heap   total 91136K, used 45157K [0x0000000085800000, 0x0000000100000000)
  region size 1024K, 2 young (2048K), 2 survivors (2048K)
 Metaspace       used 82654K, committed 83392K, reserved 1179648K
  class space    used 10738K, committed 11136K, reserved 1048576K
}
Event: 273.384 GC heap before
{Heap before GC invocations=39 (full 2):
 garbage-first heap   total 91136K, used 47205K [0x0000000085800000, 0x0000000100000000)
  region size 1024K, 5 young (5120K), 2 survivors (2048K)
 Metaspace       used 82664K, committed 83392K, reserved 1179648K
  class space    used 10738K, committed 11136K, reserved 1048576K
}
Event: 273.386 GC heap after
{Heap after GC invocations=40 (full 2):
 garbage-first heap   total 91136K, used 45863K [0x0000000085800000, 0x0000000100000000)
  region size 1024K, 3 young (3072K), 3 survivors (3072K)
 Metaspace       used 82664K, committed 83392K, reserved 1179648K
  class space    used 10738K, committed 11136K, reserved 1048576K
}
Event: 273.608 GC heap before
{Heap before GC invocations=41 (full 2):
 garbage-first heap   total 91136K, used 74535K [0x0000000085800000, 0x0000000100000000)
  region size 1024K, 30 young (30720K), 3 survivors (3072K)
 Metaspace       used 82893K, committed 83712K, reserved 1179648K
  class space    used 10746K, committed 11136K, reserved 1048576K
}
Event: 273.612 GC heap after
{Heap after GC invocations=42 (full 2):
 garbage-first heap   total 91136K, used 46509K [0x0000000085800000, 0x0000000100000000)
  region size 1024K, 2 young (2048K), 2 survivors (2048K)
 Metaspace       used 82893K, committed 83712K, reserved 1179648K
  class space    used 10746K, committed 11136K, reserved 1048576K
}
Event: 274.145 GC heap before
{Heap before GC invocations=42 (full 2):
 garbage-first heap   total 91136K, used 73133K [0x0000000085800000, 0x0000000100000000)
  region size 1024K, 28 young (28672K), 2 survivors (2048K)
 Metaspace       used 83211K, committed 83968K, reserved 1179648K
  class space    used 10753K, committed 11136K, reserved 1048576K
}
Event: 274.149 GC heap after
{Heap after GC invocations=43 (full 2):
 garbage-first heap   total 91136K, used 48434K [0x0000000085800000, 0x0000000100000000)
  region size 1024K, 4 young (4096K), 4 survivors (4096K)
 Metaspace       used 83211K, committed 83968K, reserved 1179648K
  class space    used 10753K, committed 11136K, reserved 1048576K
}
Event: 364.369 GC heap before
{Heap before GC invocations=44 (full 2):
 garbage-first heap   total 91136K, used 73010K [0x0000000085800000, 0x0000000100000000)
  region size 1024K, 28 young (28672K), 4 survivors (4096K)
 Metaspace       used 83342K, committed 84096K, reserved 1179648K
  class space    used 10753K, committed 11136K, reserved 1048576K
}
Event: 364.410 GC heap after
{Heap after GC invocations=45 (full 2):
 garbage-first heap   total 109568K, used 49003K [0x0000000085800000, 0x0000000100000000)
  region size 1024K, 1 young (1024K), 1 survivors (1024K)
 Metaspace       used 83342K, committed 84096K, reserved 1179648K
  class space    used 10753K, committed 11136K, reserved 1048576K
}

