# JRE version: Java(TM) SE Runtime Environment (17.0.10+11) (build 17.0.10+11-LTS-240)
# Java VM: Java HotSpot(TM) 64-Bit Server VM (17.0.10+11-LTS-240, mixed mode, sharing, tiered, compressed oops, compressed class ptrs, g1 gc, windows-amd64)
GC Precious Log:
 CPUs: 8 total, 8 available
 Memory: 7834M
 Large Page Support: Disabled
 NUMA Support: Disabled
 Compressed Oops: Enabled (32-bit)
 Heap Region Size: 1M
 Heap Min Capacity: 8M
 Heap Initial Capacity: 124M
 Heap Max Capacity: 1960M
 Pre-touch: Disabled
 Parallel Workers: 8
 Concurrent Workers: 2
 Concurrent Refinement Workers: 8
 Periodic GC: Disabled
Heap:
 garbage-first heap   total 71680K, used 32813K [0x0000000085800000, 0x0000000100000000)
  region size 1024K, 9 young (9216K), 4 survivors (4096K)
 Metaspace       used 41050K, committed 41472K, reserved 1114112K
  class space    used 5487K, committed 5696K, reserved 1048576K
GC Heap History (18 events):
Event: 0.639 GC heap before
{Heap before GC invocations=0 (full 0):
 garbage-first heap   total 126976K, used 26624K [0x0000000085800000, 0x0000000100000000)
  region size 1024K, 23 young (23552K), 0 survivors (0K)
 Metaspace       used 3919K, committed 3968K, reserved 1114112K
  class space    used 435K, committed 448K, reserved 1048576K
}
Event: 0.649 GC heap after
{Heap after GC invocations=1 (full 0):
 garbage-first heap   total 126976K, used 11646K [0x0000000085800000, 0x0000000100000000)
  region size 1024K, 3 young (3072K), 3 survivors (3072K)
 Metaspace       used 3919K, committed 3968K, reserved 1114112K
  class space    used 435K, committed 448K, reserved 1048576K
}
Event: 1.158 GC heap before
{Heap before GC invocations=1 (full 0):
 garbage-first heap   total 126976K, used 31102K [0x0000000085800000, 0x0000000100000000)
  region size 1024K, 22 young (22528K), 3 survivors (3072K)
 Metaspace       used 8442K, committed 8640K, reserved 1114112K
  class space    used 1055K, committed 1152K, reserved 1048576K
}
Event: 1.165 GC heap after
{Heap after GC invocations=2 (full 0):
 garbage-first heap   total 126976K, used 13455K [0x0000000085800000, 0x0000000100000000)
  region size 1024K, 2 young (2048K), 2 survivors (2048K)
 Metaspace       used 8442K, committed 8640K, reserved 1114112K
  class space    used 1055K, committed 1152K, reserved 1048576K
}
Event: 2.171 GC heap before
{Heap before GC invocations=2 (full 0):
 garbage-first heap   total 126976K, used 63631K [0x0000000085800000, 0x0000000100000000)
  region size 1024K, 47 young (48128K), 2 survivors (2048K)
 Metaspace       used 16585K, committed 16832K, reserved 1114112K
  class space    used 2137K, committed 2240K, reserved 1048576K
}
Event: 2.181 GC heap after
{Heap after GC invocations=3 (full 0):
 garbage-first heap   total 126976K, used 18849K [0x0000000085800000, 0x0000000100000000)
  region size 1024K, 6 young (6144K), 6 survivors (6144K)
 Metaspace       used 16585K, committed 16832K, reserved 1114112K
  class space    used 2137K, committed 2240K, reserved 1048576K
}
Event: 2.447 GC heap before
{Heap before GC invocations=3 (full 0):
 garbage-first heap   total 126976K, used 38305K [0x0000000085800000, 0x0000000100000000)
  region size 1024K, 26 young (26624K), 6 survivors (6144K)
 Metaspace       used 21227K, committed 21504K, reserved 1114112K
  class space    used 2704K, committed 2880K, reserved 1048576K
}
Event: 2.457 GC heap after
{Heap after GC invocations=4 (full 0):
 garbage-first heap   total 126976K, used 19890K [0x0000000085800000, 0x0000000100000000)
  region size 1024K, 1 young (1024K), 1 survivors (1024K)
 Metaspace       used 21227K, committed 21504K, reserved 1114112K
  class space    used 2704K, committed 2880K, reserved 1048576K
}
Event: 11.511 GC heap before
{Heap before GC invocations=5 (full 0):
 garbage-first heap   total 71680K, used 57778K [0x0000000085800000, 0x0000000100000000)
  region size 1024K, 39 young (39936K), 1 survivors (1024K)
 Metaspace       used 26961K, committed 27264K, reserved 1114112K
  class space    used 3518K, committed 3648K, reserved 1048576K
}
Event: 11.517 GC heap after
{Heap after GC invocations=6 (full 0):
 garbage-first heap   total 71680K, used 22392K [0x0000000085800000, 0x0000000100000000)
  region size 1024K, 4 young (4096K), 4 survivors (4096K)
 Metaspace       used 26961K, committed 27264K, reserved 1114112K
  class space    used 3518K, committed 3648K, reserved 1048576K
}
Event: 12.423 GC heap before
{Heap before GC invocations=6 (full 0):
 garbage-first heap   total 71680K, used 50040K [0x0000000085800000, 0x0000000100000000)
  region size 1024K, 31 young (31744K), 4 survivors (4096K)
 Metaspace       used 29167K, committed 29504K, reserved 1114112K
  class space    used 3749K, committed 3904K, reserved 1048576K
}
Event: 12.433 GC heap after
{Heap after GC invocations=7 (full 0):
 garbage-first heap   total 71680K, used 24210K [0x0000000085800000, 0x0000000100000000)
  region size 1024K, 3 young (3072K), 3 survivors (3072K)
 Metaspace       used 29167K, committed 29504K, reserved 1114112K
  class space    used 3749K, committed 3904K, reserved 1048576K
}
Event: 14.120 GC heap before
{Heap before GC invocations=7 (full 0):
 garbage-first heap   total 71680K, used 51858K [0x0000000085800000, 0x0000000100000000)
  region size 1024K, 30 young (30720K), 3 survivors (3072K)
 Metaspace       used 33245K, committed 33600K, reserved 1114112K
  class space    used 4395K, committed 4544K, reserved 1048576K
}
Event: 14.128 GC heap after
{Heap after GC invocations=8 (full 0):
 garbage-first heap   total 71680K, used 25608K [0x0000000085800000, 0x0000000100000000)
  region size 1024K, 4 young (4096K), 4 survivors (4096K)
 Metaspace       used 33245K, committed 33600K, reserved 1114112K
  class space    used 4395K, committed 4544K, reserved 1048576K
}
Event: 15.556 GC heap before
{Heap before GC invocations=8 (full 0):
 garbage-first heap   total 71680K, used 48136K [0x0000000085800000, 0x0000000100000000)
  region size 1024K, 27 young (27648K), 4 survivors (4096K)
 Metaspace       used 35712K, committed 36160K, reserved 1114112K
  class space    used 4764K, committed 4992K, reserved 1048576K
}
Event: 15.570 GC heap after
{Heap after GC invocations=9 (full 0):
 garbage-first heap   total 71680K, used 27049K [0x0000000085800000, 0x0000000100000000)
  region size 1024K, 3 young (3072K), 3 survivors (3072K)
 Metaspace       used 35712K, committed 36160K, reserved 1114112K
  class space    used 4764K, committed 4992K, reserved 1048576K
}
Event: 16.838 GC heap before
{Heap before GC invocations=10 (full 0):
 garbage-first heap   total 71680K, used 54697K [0x0000000085800000, 0x0000000100000000)
  region size 1024K, 30 young (30720K), 3 survivors (3072K)
 Metaspace       used 40173K, committed 40640K, reserved 1114112K
  class space    used 5354K, committed 5568K, reserved 1048576K
}
Event: 16.852 GC heap after
{Heap after GC invocations=11 (full 0):
 garbage-first heap   total 71680K, used 28717K [0x0000000085800000, 0x0000000100000000)
  region size 1024K, 4 young (4096K), 4 survivors (4096K)
 Metaspace       used 40173K, committed 40640K, reserved 1114112K
  class space    used 5354K, committed 5568K, reserved 1048576K
}

