# JRE version: Java(TM) SE Runtime Environment (17.0.10+11) (build 17.0.10+11-LTS-240)
# Java VM: Java HotSpot(TM) 64-Bit Server VM (17.0.10+11-LTS-240, mixed mode, emulated-client, sharing, tiered, compressed oops, compressed class ptrs, g1 gc, windows-amd64)
GC Precious Log:
 CPUs: 8 total, 8 available
 Memory: 7834M
 Large Page Support: Disabled
 NUMA Support: Disabled
 Compressed Oops: Enabled (32-bit)
 Heap Region Size: 1M
 Heap Min Capacity: 8M
 Heap Initial Capacity: 124M
 Heap Max Capacity: 1960M
 Pre-touch: Disabled
 Parallel Workers: 8
 Concurrent Workers: 2
 Concurrent Refinement Workers: 8
 Periodic GC: Disabled
Heap:
 garbage-first heap   total 95232K, used 72809K [0x0000000085800000, 0x0000000100000000)
  region size 1024K, 34 young (34816K), 4 survivors (4096K)
 Metaspace       used 66554K, committed 67136K, reserved 1114112K
  class space    used 9645K, committed 9920K, reserved 1048576K
GC Heap History (20 events):
Event: 7.310 GC heap before
{Heap before GC invocations=5 (full 0):
 garbage-first heap   total 78848K, used 59775K [0x0000000085800000, 0x0000000100000000)
  region size 1024K, 46 young (47104K), 8 survivors (8192K)
 Metaspace       used 23216K, committed 23488K, reserved 1114112K
  class space    used 3171K, committed 3264K, reserved 1048576K
}
Event: 7.315 GC heap after
{Heap after GC invocations=6 (full 0):
 garbage-first heap   total 78848K, used 24943K [0x0000000085800000, 0x0000000100000000)
  region size 1024K, 4 young (4096K), 4 survivors (4096K)
 Metaspace       used 23216K, committed 23488K, reserved 1114112K
  class space    used 3171K, committed 3264K, reserved 1048576K
}
Event: 7.610 GC heap before
{Heap before GC invocations=6 (full 0):
 garbage-first heap   total 78848K, used 53615K [0x0000000085800000, 0x0000000100000000)
  region size 1024K, 33 young (33792K), 4 survivors (4096K)
 Metaspace       used 25623K, committed 25984K, reserved 1114112K
  class space    used 3545K, committed 3712K, reserved 1048576K
}
Event: 7.613 GC heap after
{Heap after GC invocations=7 (full 0):
 garbage-first heap   total 78848K, used 27085K [0x0000000085800000, 0x0000000100000000)
  region size 1024K, 3 young (3072K), 3 survivors (3072K)
 Metaspace       used 25623K, committed 25984K, reserved 1114112K
  class space    used 3545K, committed 3712K, reserved 1048576K
}
Event: 7.922 GC heap before
{Heap before GC invocations=7 (full 0):
 garbage-first heap   total 78848K, used 55757K [0x0000000085800000, 0x0000000100000000)
  region size 1024K, 32 young (32768K), 3 survivors (3072K)
 Metaspace       used 28692K, committed 29056K, reserved 1114112K
  class space    used 4110K, committed 4288K, reserved 1048576K
}
Event: 7.925 GC heap after
{Heap after GC invocations=8 (full 0):
 garbage-first heap   total 95232K, used 28288K [0x0000000085800000, 0x0000000100000000)
  region size 1024K, 4 young (4096K), 4 survivors (4096K)
 Metaspace       used 28692K, committed 29056K, reserved 1114112K
  class space    used 4110K, committed 4288K, reserved 1048576K
}
Event: 8.489 GC heap before
{Heap before GC invocations=8 (full 0):
 garbage-first heap   total 95232K, used 71296K [0x0000000085800000, 0x0000000100000000)
  region size 1024K, 46 young (47104K), 4 survivors (4096K)
 Metaspace       used 34804K, committed 35328K, reserved 1114112K
  class space    used 4993K, committed 5248K, reserved 1048576K
}
Event: 8.494 GC heap after
{Heap after GC invocations=9 (full 0):
 garbage-first heap   total 95232K, used 31666K [0x0000000085800000, 0x0000000100000000)
  region size 1024K, 5 young (5120K), 5 survivors (5120K)
 Metaspace       used 34804K, committed 35328K, reserved 1114112K
  class space    used 4993K, committed 5248K, reserved 1048576K
}
Event: 8.612 GC heap before
{Heap before GC invocations=9 (full 0):
 garbage-first heap   total 95232K, used 40882K [0x0000000085800000, 0x0000000100000000)
  region size 1024K, 15 young (15360K), 5 survivors (5120K)
 Metaspace       used 35535K, committed 35968K, reserved 1114112K
  class space    used 5086K, committed 5312K, reserved 1048576K
}
Event: 8.616 GC heap after
{Heap after GC invocations=10 (full 0):
 garbage-first heap   total 95232K, used 32348K [0x0000000085800000, 0x0000000100000000)
  region size 1024K, 1 young (1024K), 1 survivors (1024K)
 Metaspace       used 35535K, committed 35968K, reserved 1114112K
  class space    used 5086K, committed 5312K, reserved 1048576K
}
Event: 8.961 GC heap before
{Heap before GC invocations=11 (full 0):
 garbage-first heap   total 95232K, used 78428K [0x0000000085800000, 0x0000000100000000)
  region size 1024K, 41 young (41984K), 1 survivors (1024K)
 Metaspace       used 38366K, committed 38784K, reserved 1114112K
  class space    used 5425K, committed 5632K, reserved 1048576K
}
Event: 8.964 GC heap after
{Heap after GC invocations=12 (full 0):
 garbage-first heap   total 95232K, used 35874K [0x0000000085800000, 0x0000000100000000)
  region size 1024K, 6 young (6144K), 6 survivors (6144K)
 Metaspace       used 38366K, committed 38784K, reserved 1114112K
  class space    used 5425K, committed 5632K, reserved 1048576K
}
Event: 9.315 GC heap before
{Heap before GC invocations=12 (full 0):
 garbage-first heap   total 95232K, used 71714K [0x0000000085800000, 0x0000000100000000)
  region size 1024K, 41 young (41984K), 6 survivors (6144K)
 Metaspace       used 41133K, committed 41600K, reserved 1114112K
  class space    used 5862K, committed 6080K, reserved 1048576K
}
Event: 9.320 GC heap after
{Heap after GC invocations=13 (full 0):
 garbage-first heap   total 95232K, used 38996K [0x0000000085800000, 0x0000000100000000)
  region size 1024K, 4 young (4096K), 4 survivors (4096K)
 Metaspace       used 41133K, committed 41600K, reserved 1114112K
  class space    used 5862K, committed 6080K, reserved 1048576K
}
Event: 9.718 GC heap before
{Heap before GC invocations=13 (full 0):
 garbage-first heap   total 95232K, used 72788K [0x0000000085800000, 0x0000000100000000)
  region size 1024K, 37 young (37888K), 4 survivors (4096K)
 Metaspace       used 46919K, committed 47424K, reserved 1114112K
  class space    used 6779K, committed 7040K, reserved 1048576K
}
Event: 9.722 GC heap after
{Heap after GC invocations=14 (full 0):
 garbage-first heap   total 95232K, used 40443K [0x0000000085800000, 0x0000000100000000)
  region size 1024K, 2 young (2048K), 2 survivors (2048K)
 Metaspace       used 46919K, committed 47424K, reserved 1114112K
  class space    used 6779K, committed 7040K, reserved 1048576K
}
Event: 11.663 GC heap before
{Heap before GC invocations=14 (full 0):
 garbage-first heap   total 95232K, used 74235K [0x0000000085800000, 0x0000000100000000)
  region size 1024K, 35 young (35840K), 2 survivors (2048K)
 Metaspace       used 56516K, committed 57024K, reserved 1114112K
  class space    used 8065K, committed 8320K, reserved 1048576K
}
Event: 11.667 GC heap after
{Heap after GC invocations=15 (full 0):
 garbage-first heap   total 95232K, used 42636K [0x0000000085800000, 0x0000000100000000)
  region size 1024K, 4 young (4096K), 4 survivors (4096K)
 Metaspace       used 56516K, committed 57024K, reserved 1114112K
  class space    used 8065K, committed 8320K, reserved 1048576K
}
Event: 11.942 GC heap before
{Heap before GC invocations=15 (full 0):
 garbage-first heap   total 95232K, used 60044K [0x0000000085800000, 0x0000000100000000)
  region size 1024K, 23 young (23552K), 4 survivors (4096K)
 Metaspace       used 59693K, committed 60288K, reserved 1114112K
  class space    used 8468K, committed 8768K, reserved 1048576K
}
Event: 11.945 GC heap after
{Heap after GC invocations=16 (full 0):
 garbage-first heap   total 95232K, used 44137K [0x0000000085800000, 0x0000000100000000)
  region size 1024K, 4 young (4096K), 4 survivors (4096K)
 Metaspace       used 59693K, committed 60288K, reserved 1114112K
  class space    used 8468K, committed 8768K, reserved 1048576K
}

