# JRE version: Java(TM) SE Runtime Environment (17.0.10+11) (build 17.0.10+11-LTS-240)
# Java VM: Java HotSpot(TM) 64-Bit Server VM (17.0.10+11-LTS-240, mixed mode, emulated-client, sharing, tiered, compressed oops, compressed class ptrs, g1 gc, windows-amd64)
GC Precious Log:
 CPUs: 8 total, 8 available
 Memory: 7834M
 Large Page Support: Disabled
 NUMA Support: Disabled
 Compressed Oops: Enabled (32-bit)
 Heap Region Size: 1M
 Heap Min Capacity: 8M
 Heap Initial Capacity: 124M
 Heap Max Capacity: 1960M
 Pre-touch: Disabled
 Parallel Workers: 8
 Concurrent Workers: 2
 Concurrent Refinement Workers: 8
 Periodic GC: Disabled
Heap:
 garbage-first heap   total 58368K, used 25095K [0x0000000085800000, 0x0000000100000000)
  region size 1024K, 4 young (4096K), 2 survivors (2048K)
 Metaspace       used 35981K, committed 36416K, reserved 1114112K
  class space    used 5233K, committed 5440K, reserved 1048576K
GC Heap History (20 events):
Event: 3.686 GC heap before
{Heap before GC invocations=2 (full 0):
 garbage-first heap   total 126976K, used 54985K [0x0000000085800000, 0x0000000100000000)
  region size 1024K, 46 young (47104K), 2 survivors (2048K)
 Metaspace       used 15322K, committed 15680K, reserved 1114112K
  class space    used 2018K, committed 2176K, reserved 1048576K
}
Event: 3.690 GC heap after
{Heap after GC invocations=3 (full 0):
 garbage-first heap   total 126976K, used 13602K [0x0000000085800000, 0x0000000100000000)
  region size 1024K, 5 young (5120K), 5 survivors (5120K)
 Metaspace       used 15322K, committed 15680K, reserved 1114112K
  class space    used 2018K, committed 2176K, reserved 1048576K
}
Event: 4.559 GC heap before
{Heap before GC invocations=3 (full 0):
 garbage-first heap   total 126976K, used 52514K [0x0000000085800000, 0x0000000100000000)
  region size 1024K, 45 young (46080K), 5 survivors (5120K)
 Metaspace       used 21302K, committed 21504K, reserved 1114112K
  class space    used 2999K, committed 3072K, reserved 1048576K
}
Event: 4.565 GC heap after
{Heap after GC invocations=4 (full 0):
 garbage-first heap   total 126976K, used 15562K [0x0000000085800000, 0x0000000100000000)
  region size 1024K, 7 young (7168K), 7 survivors (7168K)
 Metaspace       used 21302K, committed 21504K, reserved 1114112K
  class space    used 2999K, committed 3072K, reserved 1048576K
}
Event: 5.456 GC heap before
{Heap before GC invocations=5 (full 0):
 garbage-first heap   total 58368K, used 42186K [0x0000000085800000, 0x0000000100000000)
  region size 1024K, 34 young (34816K), 7 survivors (7168K)
 Metaspace       used 22859K, committed 23168K, reserved 1114112K
  class space    used 3210K, committed 3392K, reserved 1048576K
}
Event: 5.462 GC heap after
{Heap after GC invocations=6 (full 0):
 garbage-first heap   total 58368K, used 17612K [0x0000000085800000, 0x0000000100000000)
  region size 1024K, 5 young (5120K), 5 survivors (5120K)
 Metaspace       used 22859K, committed 23168K, reserved 1114112K
  class space    used 3210K, committed 3392K, reserved 1048576K
}
Event: 5.477 GC heap before
{Heap before GC invocations=6 (full 0):
 garbage-first heap   total 58368K, used 18636K [0x0000000085800000, 0x0000000100000000)
  region size 1024K, 6 young (6144K), 5 survivors (5120K)
 Metaspace       used 22900K, committed 23232K, reserved 1114112K
  class space    used 3216K, committed 3392K, reserved 1048576K
}
Event: 5.481 GC heap after
{Heap after GC invocations=7 (full 0):
 garbage-first heap   total 58368K, used 18283K [0x0000000085800000, 0x0000000100000000)
  region size 1024K, 1 young (1024K), 1 survivors (1024K)
 Metaspace       used 22900K, committed 23232K, reserved 1114112K
  class space    used 3216K, committed 3392K, reserved 1048576K
}
Event: 6.478 GC heap before
{Heap before GC invocations=7 (full 0):
 garbage-first heap   total 58368K, used 39787K [0x0000000085800000, 0x0000000100000000)
  region size 1024K, 22 young (22528K), 1 survivors (1024K)
 Metaspace       used 24757K, committed 25088K, reserved 1114112K
  class space    used 3509K, committed 3648K, reserved 1048576K
}
Event: 6.480 GC heap after
{Heap after GC invocations=8 (full 0):
 garbage-first heap   total 58368K, used 18740K [0x0000000085800000, 0x0000000100000000)
  region size 1024K, 2 young (2048K), 2 survivors (2048K)
 Metaspace       used 24757K, committed 25088K, reserved 1114112K
  class space    used 3509K, committed 3648K, reserved 1048576K
}
Event: 6.950 GC heap before
{Heap before GC invocations=8 (full 0):
 garbage-first heap   total 58368K, used 41268K [0x0000000085800000, 0x0000000100000000)
  region size 1024K, 24 young (24576K), 2 survivors (2048K)
 Metaspace       used 27976K, committed 28288K, reserved 1114112K
  class space    used 4012K, committed 4160K, reserved 1048576K
}
Event: 6.953 GC heap after
{Heap after GC invocations=9 (full 0):
 garbage-first heap   total 58368K, used 20201K [0x0000000085800000, 0x0000000100000000)
  region size 1024K, 3 young (3072K), 3 survivors (3072K)
 Metaspace       used 27976K, committed 28288K, reserved 1114112K
  class space    used 4012K, committed 4160K, reserved 1048576K
}
Event: 7.387 GC heap before
{Heap before GC invocations=9 (full 0):
 garbage-first heap   total 58368K, used 42729K [0x0000000085800000, 0x0000000100000000)
  region size 1024K, 25 young (25600K), 3 survivors (3072K)
 Metaspace       used 31213K, committed 31680K, reserved 1114112K
  class space    used 4502K, committed 4736K, reserved 1048576K
}
Event: 7.391 GC heap after
{Heap after GC invocations=10 (full 0):
 garbage-first heap   total 58368K, used 21769K [0x0000000085800000, 0x0000000100000000)
  region size 1024K, 4 young (4096K), 4 survivors (4096K)
 Metaspace       used 31213K, committed 31680K, reserved 1114112K
  class space    used 4502K, committed 4736K, reserved 1048576K
}
Event: 7.795 GC heap before
{Heap before GC invocations=10 (full 0):
 garbage-first heap   total 58368K, used 42249K [0x0000000085800000, 0x0000000100000000)
  region size 1024K, 24 young (24576K), 4 survivors (4096K)
 Metaspace       used 33295K, committed 33728K, reserved 1114112K
  class space    used 4789K, committed 4992K, reserved 1048576K
}
Event: 7.799 GC heap after
{Heap after GC invocations=11 (full 0):
 garbage-first heap   total 58368K, used 22966K [0x0000000085800000, 0x0000000100000000)
  region size 1024K, 2 young (2048K), 2 survivors (2048K)
 Metaspace       used 33295K, committed 33728K, reserved 1114112K
  class space    used 4789K, committed 4992K, reserved 1048576K
}
Event: 8.342 GC heap before
{Heap before GC invocations=11 (full 0):
 garbage-first heap   total 58368K, used 43446K [0x0000000085800000, 0x0000000100000000)
  region size 1024K, 22 young (22528K), 2 survivors (2048K)
 Metaspace       used 35442K, committed 35840K, reserved 1114112K
  class space    used 5148K, committed 5312K, reserved 1048576K
}
Event: 8.345 GC heap after
{Heap after GC invocations=12 (full 0):
 garbage-first heap   total 58368K, used 23698K [0x0000000085800000, 0x0000000100000000)
  region size 1024K, 2 young (2048K), 2 survivors (2048K)
 Metaspace       used 35442K, committed 35840K, reserved 1114112K
  class space    used 5148K, committed 5312K, reserved 1048576K
}
Event: 8.441 GC heap before
{Heap before GC invocations=12 (full 0):
 garbage-first heap   total 58368K, used 26770K [0x0000000085800000, 0x0000000100000000)
  region size 1024K, 6 young (6144K), 2 survivors (2048K)
 Metaspace       used 35865K, committed 36288K, reserved 1114112K
  class space    used 5215K, committed 5376K, reserved 1048576K
}
Event: 8.444 GC heap after
{Heap after GC invocations=13 (full 0):
 garbage-first heap   total 58368K, used 24071K [0x0000000085800000, 0x0000000100000000)
  region size 1024K, 2 young (2048K), 2 survivors (2048K)
 Metaspace       used 35865K, committed 36288K, reserved 1114112K
  class space    used 5215K, committed 5376K, reserved 1048576K
}

