# JRE version: Java(TM) SE Runtime Environment (17.0.10+11) (build 17.0.10+11-LTS-240)
# Java VM: Java HotSpot(TM) 64-Bit Server VM (17.0.10+11-LTS-240, mixed mode, emulated-client, sharing, tiered, compressed oops, compressed class ptrs, g1 gc, windows-amd64)
GC Precious Log:
 CPUs: 8 total, 8 available
 Memory: 7834M
 Large Page Support: Disabled
 NUMA Support: Disabled
 Compressed Oops: Enabled (32-bit)
 Heap Region Size: 1M
 Heap Min Capacity: 8M
 Heap Initial Capacity: 124M
 Heap Max Capacity: 1960M
 Pre-touch: Disabled
 Parallel Workers: 8
 Concurrent Workers: 2
 Concurrent Refinement Workers: 8
 Periodic GC: Disabled
Heap:
 garbage-first heap   total 65536K, used 39781K [0x0000000085800000, 0x0000000100000000)
  region size 1024K, 16 young (16384K), 1 survivors (1024K)
 Metaspace       used 43942K, committed 44480K, reserved 1114112K
  class space    used 6397K, committed 6656K, reserved 1048576K
GC Heap History (20 events):
Event: 6.156 GC heap before
{Heap before GC invocations=8 (full 0):
 garbage-first heap   total 65536K, used 47627K [0x0000000085800000, 0x0000000100000000)
  region size 1024K, 29 young (29696K), 4 survivors (4096K)
 Metaspace       used 31977K, committed 32320K, reserved 1114112K
  class space    used 4622K, committed 4800K, reserved 1048576K
}
Event: 6.161 GC heap after
{Heap after GC invocations=9 (full 0):
 garbage-first heap   total 65536K, used 23774K [0x0000000085800000, 0x0000000100000000)
  region size 1024K, 4 young (4096K), 4 survivors (4096K)
 Metaspace       used 31977K, committed 32320K, reserved 1114112K
  class space    used 4622K, committed 4800K, reserved 1048576K
}
Event: 6.768 GC heap before
{Heap before GC invocations=9 (full 0):
 garbage-first heap   total 65536K, used 48350K [0x0000000085800000, 0x0000000100000000)
  region size 1024K, 28 young (28672K), 4 survivors (4096K)
 Metaspace       used 34529K, committed 34944K, reserved 1114112K
  class space    used 5024K, committed 5248K, reserved 1048576K
}
Event: 6.772 GC heap after
{Heap after GC invocations=10 (full 0):
 garbage-first heap   total 65536K, used 24881K [0x0000000085800000, 0x0000000100000000)
  region size 1024K, 3 young (3072K), 3 survivors (3072K)
 Metaspace       used 34529K, committed 34944K, reserved 1114112K
  class space    used 5024K, committed 5248K, reserved 1048576K
}
Event: 6.946 GC heap before
{Heap before GC invocations=10 (full 0):
 garbage-first heap   total 65536K, used 32049K [0x0000000085800000, 0x0000000100000000)
  region size 1024K, 11 young (11264K), 3 survivors (3072K)
 Metaspace       used 35677K, committed 36160K, reserved 1114112K
  class space    used 5187K, committed 5440K, reserved 1048576K
}
Event: 6.950 GC heap after
{Heap after GC invocations=11 (full 0):
 garbage-first heap   total 65536K, used 25548K [0x0000000085800000, 0x0000000100000000)
  region size 1024K, 2 young (2048K), 2 survivors (2048K)
 Metaspace       used 35677K, committed 36160K, reserved 1114112K
  class space    used 5187K, committed 5440K, reserved 1048576K
}
Event: 7.756 GC heap before
{Heap before GC invocations=12 (full 0):
 garbage-first heap   total 65536K, used 50124K [0x0000000085800000, 0x0000000100000000)
  region size 1024K, 26 young (26624K), 2 survivors (2048K)
 Metaspace       used 38631K, committed 39104K, reserved 1114112K
  class space    used 5636K, committed 5888K, reserved 1048576K
}
Event: 7.760 GC heap after
{Heap after GC invocations=13 (full 0):
 garbage-first heap   total 65536K, used 27510K [0x0000000085800000, 0x0000000100000000)
  region size 1024K, 4 young (4096K), 4 survivors (4096K)
 Metaspace       used 38631K, committed 39104K, reserved 1114112K
  class space    used 5636K, committed 5888K, reserved 1048576K
}
Event: 8.333 GC heap before
{Heap before GC invocations=13 (full 0):
 garbage-first heap   total 65536K, used 50038K [0x0000000085800000, 0x0000000100000000)
  region size 1024K, 26 young (26624K), 4 survivors (4096K)
 Metaspace       used 43064K, committed 43584K, reserved 1114112K
  class space    used 6269K, committed 6528K, reserved 1048576K
}
Event: 8.340 GC heap after
{Heap after GC invocations=14 (full 0):
 garbage-first heap   total 65536K, used 30360K [0x0000000085800000, 0x0000000100000000)
  region size 1024K, 4 young (4096K), 4 survivors (4096K)
 Metaspace       used 43064K, committed 43584K, reserved 1114112K
  class space    used 6269K, committed 6528K, reserved 1048576K
}
Event: 398.884 GC heap before
{Heap before GC invocations=14 (full 0):
 garbage-first heap   total 65536K, used 49816K [0x0000000085800000, 0x0000000100000000)
  region size 1024K, 23 young (23552K), 4 survivors (4096K)
 Metaspace       used 43923K, committed 44416K, reserved 1114112K
  class space    used 6396K, committed 6592K, reserved 1048576K
}
Event: 398.948 GC heap after
{Heap after GC invocations=15 (full 0):
 garbage-first heap   total 65536K, used 31074K [0x0000000085800000, 0x0000000100000000)
  region size 1024K, 1 young (1024K), 1 survivors (1024K)
 Metaspace       used 43923K, committed 44416K, reserved 1114112K
  class space    used 6396K, committed 6592K, reserved 1048576K
}
Event: 880.041 GC heap before
{Heap before GC invocations=15 (full 0):
 garbage-first heap   total 65536K, used 50530K [0x0000000085800000, 0x0000000100000000)
  region size 1024K, 20 young (20480K), 1 survivors (1024K)
 Metaspace       used 43945K, committed 44480K, reserved 1114112K
  class space    used 6400K, committed 6656K, reserved 1048576K
}
Event: 880.075 GC heap after
{Heap after GC invocations=16 (full 0):
 garbage-first heap   total 65536K, used 31379K [0x0000000085800000, 0x0000000100000000)
  region size 1024K, 2 young (2048K), 2 survivors (2048K)
 Metaspace       used 43945K, committed 44480K, reserved 1114112K
  class space    used 6400K, committed 6656K, reserved 1048576K
}
Event: 1419.057 GC heap before
{Heap before GC invocations=17 (full 0):
 garbage-first heap   total 65536K, used 49811K [0x0000000085800000, 0x0000000100000000)
  region size 1024K, 21 young (21504K), 2 survivors (2048K)
 Metaspace       used 43746K, committed 44480K, reserved 1114112K
  class space    used 6354K, committed 6656K, reserved 1048576K
}
Event: 1419.162 GC heap after
{Heap after GC invocations=18 (full 0):
 garbage-first heap   total 65536K, used 30181K [0x0000000085800000, 0x0000000100000000)
  region size 1024K, 1 young (1024K), 1 survivors (1024K)
 Metaspace       used 43746K, committed 44480K, reserved 1114112K
  class space    used 6354K, committed 6656K, reserved 1048576K
}
Event: 1471.158 GC heap before
{Heap before GC invocations=18 (full 0):
 garbage-first heap   total 65536K, used 32229K [0x0000000085800000, 0x0000000100000000)
  region size 1024K, 3 young (3072K), 1 survivors (1024K)
 Metaspace       used 43746K, committed 44480K, reserved 1114112K
  class space    used 6354K, committed 6656K, reserved 1048576K
}
Event: 1471.607 GC heap after
{Heap after GC invocations=19 (full 0):
 garbage-first heap   total 65536K, used 26159K [0x0000000085800000, 0x0000000100000000)
  region size 1024K, 1 young (1024K), 1 survivors (1024K)
 Metaspace       used 43746K, committed 44480K, reserved 1114112K
  class space    used 6354K, committed 6656K, reserved 1048576K
}
Event: 1523.490 GC heap before
{Heap before GC invocations=19 (full 0):
 garbage-first heap   total 65536K, used 28207K [0x0000000085800000, 0x0000000100000000)
  region size 1024K, 3 young (3072K), 1 survivors (1024K)
 Metaspace       used 43746K, committed 44480K, reserved 1114112K
  class space    used 6354K, committed 6656K, reserved 1048576K
}
Event: 1523.534 GC heap after
{Heap after GC invocations=20 (full 0):
 garbage-first heap   total 65536K, used 25445K [0x0000000085800000, 0x0000000100000000)
  region size 1024K, 1 young (1024K), 1 survivors (1024K)
 Metaspace       used 43746K, committed 44480K, reserved 1114112K
  class space    used 6354K, committed 6656K, reserved 1048576K
}

