# JRE version: Java(TM) SE Runtime Environment (17.0.10+11) (build 17.0.10+11-LTS-240)
# Java VM: Java HotSpot(TM) 64-Bit Server VM (17.0.10+11-LTS-240, mixed mode, emulated-client, sharing, tiered, compressed oops, compressed class ptrs, g1 gc, windows-amd64)
GC Precious Log:
 CPUs: 8 total, 8 available
 Memory: 7834M
 Large Page Support: Disabled
 NUMA Support: Disabled
 Compressed Oops: Enabled (32-bit)
 Heap Region Size: 1M
 Heap Min Capacity: 8M
 Heap Initial Capacity: 124M
 Heap Max Capacity: 1960M
 Pre-touch: Disabled
 Parallel Workers: 8
 Concurrent Workers: 2
 Concurrent Refinement Workers: 8
 Periodic GC: Disabled
Heap:
 garbage-first heap   total 68608K, used 49557K [0x0000000085800000, 0x0000000100000000)
  region size 1024K, 15 young (15360K), 3 survivors (3072K)
 Metaspace       used 45643K, committed 46080K, reserved 1114112K
  class space    used 6635K, committed 6848K, reserved 1048576K
GC Heap History (20 events):
Event: 8.361 GC heap before
{Heap before GC invocations=6 (full 0):
 garbage-first heap   total 68608K, used 54659K [0x0000000085800000, 0x0000000100000000)
  region size 1024K, 40 young (40960K), 5 survivors (5120K)
 Metaspace       used 24535K, committed 24896K, reserved 1114112K
  class space    used 3418K, committed 3584K, reserved 1048576K
}
Event: 8.368 GC heap after
{Heap after GC invocations=7 (full 0):
 garbage-first heap   total 68608K, used 21362K [0x0000000085800000, 0x0000000100000000)
  region size 1024K, 3 young (3072K), 3 survivors (3072K)
 Metaspace       used 24535K, committed 24896K, reserved 1114112K
  class space    used 3418K, committed 3584K, reserved 1048576K
}
Event: 9.377 GC heap before
{Heap before GC invocations=7 (full 0):
 garbage-first heap   total 68608K, used 54130K [0x0000000085800000, 0x0000000100000000)
  region size 1024K, 30 young (30720K), 3 survivors (3072K)
 Metaspace       used 26508K, committed 26880K, reserved 1114112K
  class space    used 3660K, committed 3840K, reserved 1048576K
}
Event: 9.383 GC heap after
{Heap after GC invocations=8 (full 0):
 garbage-first heap   total 68608K, used 25385K [0x0000000085800000, 0x0000000100000000)
  region size 1024K, 4 young (4096K), 4 survivors (4096K)
 Metaspace       used 26508K, committed 26880K, reserved 1114112K
  class space    used 3660K, committed 3840K, reserved 1048576K
}
Event: 9.981 GC heap before
{Heap before GC invocations=8 (full 0):
 garbage-first heap   total 68608K, used 49961K [0x0000000085800000, 0x0000000100000000)
  region size 1024K, 27 young (27648K), 4 survivors (4096K)
 Metaspace       used 29293K, committed 29696K, reserved 1114112K
  class space    used 4057K, committed 4224K, reserved 1048576K
}
Event: 9.986 GC heap after
{Heap after GC invocations=9 (full 0):
 garbage-first heap   total 68608K, used 26871K [0x0000000085800000, 0x0000000100000000)
  region size 1024K, 2 young (2048K), 2 survivors (2048K)
 Metaspace       used 29293K, committed 29696K, reserved 1114112K
  class space    used 4057K, committed 4224K, reserved 1048576K
}
Event: 10.698 GC heap before
{Heap before GC invocations=9 (full 0):
 garbage-first heap   total 68608K, used 51447K [0x0000000085800000, 0x0000000100000000)
  region size 1024K, 26 young (26624K), 2 survivors (2048K)
 Metaspace       used 30505K, committed 30976K, reserved 1114112K
  class space    used 4241K, committed 4416K, reserved 1048576K
}
Event: 10.701 GC heap after
{Heap after GC invocations=10 (full 0):
 garbage-first heap   total 68608K, used 27604K [0x0000000085800000, 0x0000000100000000)
  region size 1024K, 3 young (3072K), 3 survivors (3072K)
 Metaspace       used 30505K, committed 30976K, reserved 1114112K
  class space    used 4241K, committed 4416K, reserved 1048576K
}
Event: 11.633 GC heap before
{Heap before GC invocations=10 (full 0):
 garbage-first heap   total 68608K, used 51156K [0x0000000085800000, 0x0000000100000000)
  region size 1024K, 27 young (27648K), 3 survivors (3072K)
 Metaspace       used 34826K, committed 35392K, reserved 1114112K
  class space    used 4922K, committed 5184K, reserved 1048576K
}
Event: 11.637 GC heap after
{Heap after GC invocations=11 (full 0):
 garbage-first heap   total 68608K, used 29171K [0x0000000085800000, 0x0000000100000000)
  region size 1024K, 3 young (3072K), 3 survivors (3072K)
 Metaspace       used 34826K, committed 35392K, reserved 1114112K
  class space    used 4922K, committed 5184K, reserved 1048576K
}
Event: 11.780 GC heap before
{Heap before GC invocations=11 (full 0):
 garbage-first heap   total 68608K, used 33267K [0x0000000085800000, 0x0000000100000000)
  region size 1024K, 8 young (8192K), 3 survivors (3072K)
 Metaspace       used 35640K, committed 36096K, reserved 1114112K
  class space    used 5036K, committed 5248K, reserved 1048576K
}
Event: 11.783 GC heap after
{Heap after GC invocations=12 (full 0):
 garbage-first heap   total 68608K, used 29373K [0x0000000085800000, 0x0000000100000000)
  region size 1024K, 2 young (2048K), 2 survivors (2048K)
 Metaspace       used 35640K, committed 36096K, reserved 1114112K
  class space    used 5036K, committed 5248K, reserved 1048576K
}
Event: 12.628 GC heap before
{Heap before GC invocations=13 (full 0):
 garbage-first heap   total 68608K, used 52925K [0x0000000085800000, 0x0000000100000000)
  region size 1024K, 26 young (26624K), 2 survivors (2048K)
 Metaspace       used 36659K, committed 37184K, reserved 1114112K
  class space    used 5203K, committed 5440K, reserved 1048576K
}
Event: 12.634 GC heap after
{Heap after GC invocations=14 (full 0):
 garbage-first heap   total 68608K, used 33890K [0x0000000085800000, 0x0000000100000000)
  region size 1024K, 4 young (4096K), 4 survivors (4096K)
 Metaspace       used 36659K, committed 37184K, reserved 1114112K
  class space    used 5203K, committed 5440K, reserved 1048576K
}
Event: 13.211 GC heap before
{Heap before GC invocations=14 (full 0):
 garbage-first heap   total 68608K, used 52322K [0x0000000085800000, 0x0000000100000000)
  region size 1024K, 22 young (22528K), 4 survivors (4096K)
 Metaspace       used 39631K, committed 40128K, reserved 1114112K
  class space    used 5646K, committed 5888K, reserved 1048576K
}
Event: 13.217 GC heap after
{Heap after GC invocations=15 (full 0):
 garbage-first heap   total 68608K, used 36156K [0x0000000085800000, 0x0000000100000000)
  region size 1024K, 2 young (2048K), 2 survivors (2048K)
 Metaspace       used 39631K, committed 40128K, reserved 1114112K
  class space    used 5646K, committed 5888K, reserved 1048576K
}
Event: 13.696 GC heap before
{Heap before GC invocations=15 (full 0):
 garbage-first heap   total 68608K, used 52540K [0x0000000085800000, 0x0000000100000000)
  region size 1024K, 19 young (19456K), 2 survivors (2048K)
 Metaspace       used 42054K, committed 42560K, reserved 1114112K
  class space    used 6086K, committed 6336K, reserved 1048576K
}
Event: 13.700 GC heap after
{Heap after GC invocations=16 (full 0):
 garbage-first heap   total 68608K, used 37224K [0x0000000085800000, 0x0000000100000000)
  region size 1024K, 2 young (2048K), 2 survivors (2048K)
 Metaspace       used 42054K, committed 42560K, reserved 1114112K
  class space    used 6086K, committed 6336K, reserved 1048576K
}
Event: 14.314 GC heap before
{Heap before GC invocations=17 (full 0):
 garbage-first heap   total 68608K, used 53608K [0x0000000085800000, 0x0000000100000000)
  region size 1024K, 18 young (18432K), 2 survivors (2048K)
 Metaspace       used 44071K, committed 44608K, reserved 1114112K
  class space    used 6412K, committed 6656K, reserved 1048576K
}
Event: 14.317 GC heap after
{Heap after GC invocations=18 (full 0):
 garbage-first heap   total 68608K, used 38293K [0x0000000085800000, 0x0000000100000000)
  region size 1024K, 3 young (3072K), 3 survivors (3072K)
 Metaspace       used 44071K, committed 44608K, reserved 1114112K
  class space    used 6412K, committed 6656K, reserved 1048576K
}

