# JRE version: Java(TM) SE Runtime Environment (17.0.10+11) (build 17.0.10+11-LTS-240)
# Java VM: Java HotSpot(TM) 64-Bit Server VM (17.0.10+11-LTS-240, mixed mode, emulated-client, sharing, tiered, compressed oops, compressed class ptrs, g1 gc, windows-amd64)
GC Precious Log:
 CPUs: 8 total, 8 available
 Memory: 7834M
 Large Page Support: Disabled
 NUMA Support: Disabled
 Compressed Oops: Enabled (32-bit)
 Heap Region Size: 1M
 Heap Min Capacity: 8M
 Heap Initial Capacity: 124M
 Heap Max Capacity: 1960M
 Pre-touch: Disabled
 Parallel Workers: 8
 Concurrent Workers: 2
 Concurrent Refinement Workers: 8
 Periodic GC: Disabled
Heap:
 garbage-first heap   total 126976K, used 48435K [0x0000000085800000, 0x0000000100000000)
  region size 1024K, 1 young (1024K), 1 survivors (1024K)
 Metaspace       used 73398K, committed 73984K, reserved 1114112K
  class space    used 10678K, committed 10944K, reserved 1048576K
GC Heap History (20 events):
Event: 41.259 GC heap after
{Heap after GC invocations=17 (full 0):
 garbage-first heap   total 81920K, used 43756K [0x0000000085800000, 0x0000000100000000)
  region size 1024K, 4 young (4096K), 4 survivors (4096K)
 Metaspace       used 53919K, committed 54464K, reserved 1114112K
  class space    used 7676K, committed 7936K, reserved 1048576K
}
Event: 41.301 GC heap before
{Heap before GC invocations=17 (full 0):
 garbage-first heap   total 81920K, used 44780K [0x0000000085800000, 0x0000000100000000)
  region size 1024K, 5 young (5120K), 4 survivors (4096K)
 Metaspace       used 54107K, committed 54592K, reserved 1114112K
  class space    used 7702K, committed 7936K, reserved 1048576K
}
Event: 41.305 GC heap after
{Heap after GC invocations=18 (full 0):
 garbage-first heap   total 81920K, used 44076K [0x0000000085800000, 0x0000000100000000)
  region size 1024K, 1 young (1024K), 1 survivors (1024K)
 Metaspace       used 54107K, committed 54592K, reserved 1114112K
  class space    used 7702K, committed 7936K, reserved 1048576K
}
Event: 42.838 GC heap before
{Heap before GC invocations=18 (full 0):
 garbage-first heap   total 81920K, used 64556K [0x0000000085800000, 0x0000000100000000)
  region size 1024K, 22 young (22528K), 1 survivors (1024K)
 Metaspace       used 57912K, committed 58432K, reserved 1114112K
  class space    used 8248K, committed 8512K, reserved 1048576K
}
Event: 42.843 GC heap after
{Heap after GC invocations=19 (full 0):
 garbage-first heap   total 81920K, used 44779K [0x0000000085800000, 0x0000000100000000)
  region size 1024K, 2 young (2048K), 2 survivors (2048K)
 Metaspace       used 57912K, committed 58432K, reserved 1114112K
  class space    used 8248K, committed 8512K, reserved 1048576K
}
Event: 45.097 GC heap before
{Heap before GC invocations=20 (full 0):
 garbage-first heap   total 81920K, used 66283K [0x0000000085800000, 0x0000000100000000)
  region size 1024K, 23 young (23552K), 2 survivors (2048K)
 Metaspace       used 63850K, committed 64384K, reserved 1114112K
  class space    used 9236K, committed 9536K, reserved 1048576K
}
Event: 45.103 GC heap after
{Heap after GC invocations=21 (full 0):
 garbage-first heap   total 81920K, used 45572K [0x0000000085800000, 0x0000000100000000)
  region size 1024K, 2 young (2048K), 2 survivors (2048K)
 Metaspace       used 63850K, committed 64384K, reserved 1114112K
  class space    used 9236K, committed 9536K, reserved 1048576K
}
Event: 45.283 GC heap before
{Heap before GC invocations=21 (full 0):
 garbage-first heap   total 81920K, used 47620K [0x0000000085800000, 0x0000000100000000)
  region size 1024K, 4 young (4096K), 2 survivors (2048K)
 Metaspace       used 64391K, committed 64960K, reserved 1114112K
  class space    used 9322K, committed 9600K, reserved 1048576K
}
Event: 45.293 GC heap after
{Heap after GC invocations=22 (full 0):
 garbage-first heap   total 81920K, used 43936K [0x0000000085800000, 0x0000000100000000)
  region size 1024K, 1 young (1024K), 1 survivors (1024K)
 Metaspace       used 64391K, committed 64960K, reserved 1114112K
  class space    used 9322K, committed 9600K, reserved 1048576K
}
Event: 50.198 GC heap before
{Heap before GC invocations=22 (full 0):
 garbage-first heap   total 81920K, used 66464K [0x0000000085800000, 0x0000000100000000)
  region size 1024K, 24 young (24576K), 1 survivors (1024K)
 Metaspace       used 68639K, committed 69248K, reserved 1114112K
  class space    used 9879K, committed 10176K, reserved 1048576K
}
Event: 50.203 GC heap after
{Heap after GC invocations=23 (full 0):
 garbage-first heap   total 81920K, used 45045K [0x0000000085800000, 0x0000000100000000)
  region size 1024K, 2 young (2048K), 2 survivors (2048K)
 Metaspace       used 68639K, committed 69248K, reserved 1114112K
  class space    used 9879K, committed 10176K, reserved 1048576K
}
Event: 51.055 GC heap before
{Heap before GC invocations=24 (full 0):
 garbage-first heap   total 81920K, used 67573K [0x0000000085800000, 0x0000000100000000)
  region size 1024K, 24 young (24576K), 2 survivors (2048K)
 Metaspace       used 71106K, committed 71680K, reserved 1114112K
  class space    used 10323K, committed 10624K, reserved 1048576K
}
Event: 51.061 GC heap after
{Heap after GC invocations=25 (full 0):
 garbage-first heap   total 81920K, used 46693K [0x0000000085800000, 0x0000000100000000)
  region size 1024K, 3 young (3072K), 3 survivors (3072K)
 Metaspace       used 71106K, committed 71680K, reserved 1114112K
  class space    used 10323K, committed 10624K, reserved 1048576K
}
Event: 51.107 GC heap before
{Heap before GC invocations=25 (full 0):
 garbage-first heap   total 81920K, used 47717K [0x0000000085800000, 0x0000000100000000)
  region size 1024K, 4 young (4096K), 3 survivors (3072K)
 Metaspace       used 71222K, committed 71808K, reserved 1114112K
  class space    used 10343K, committed 10624K, reserved 1048576K
}
Event: 51.118 GC heap after
{Heap after GC invocations=26 (full 0):
 garbage-first heap   total 81920K, used 46364K [0x0000000085800000, 0x0000000100000000)
  region size 1024K, 1 young (1024K), 1 survivors (1024K)
 Metaspace       used 71222K, committed 71808K, reserved 1114112K
  class space    used 10343K, committed 10624K, reserved 1048576K
}
Event: 51.681 GC heap before
{Heap before GC invocations=26 (full 0):
 garbage-first heap   total 81920K, used 67868K [0x0000000085800000, 0x0000000100000000)
  region size 1024K, 22 young (22528K), 1 survivors (1024K)
 Metaspace       used 72532K, committed 73088K, reserved 1114112K
  class space    used 10550K, committed 10816K, reserved 1048576K
}
Event: 51.684 GC heap after
{Heap after GC invocations=27 (full 0):
 garbage-first heap   total 81920K, used 47262K [0x0000000085800000, 0x0000000100000000)
  region size 1024K, 2 young (2048K), 2 survivors (2048K)
 Metaspace       used 72532K, committed 73088K, reserved 1114112K
  class space    used 10550K, committed 10816K, reserved 1048576K
}
Event: 52.245 GC heap before
{Heap before GC invocations=28 (full 0):
 garbage-first heap   total 83968K, used 66718K [0x0000000085800000, 0x0000000100000000)
  region size 1024K, 21 young (21504K), 2 survivors (2048K)
 Metaspace       used 73398K, committed 73984K, reserved 1114112K
  class space    used 10678K, committed 10944K, reserved 1048576K
}
Event: 52.250 GC heap after
{Heap after GC invocations=29 (full 0):
 garbage-first heap   total 83968K, used 48503K [0x0000000085800000, 0x0000000100000000)
  region size 1024K, 3 young (3072K), 3 survivors (3072K)
 Metaspace       used 73398K, committed 73984K, reserved 1114112K
  class space    used 10678K, committed 10944K, reserved 1048576K
}
Event: 52.271 GC heap before
{Heap before GC invocations=29 (full 0):
 garbage-first heap   total 83968K, used 49527K [0x0000000085800000, 0x0000000100000000)
  region size 1024K, 4 young (4096K), 3 survivors (3072K)
 Metaspace       used 73398K, committed 73984K, reserved 1114112K
  class space    used 10678K, committed 10944K, reserved 1048576K
}

