# JRE version: Java(TM) SE Runtime Environment (17.0.10+11) (build 17.0.10+11-LTS-240)
# Java VM: Java HotSpot(TM) 64-Bit Server VM (17.0.10+11-LTS-240, mixed mode, sharing, tiered, compressed oops, compressed class ptrs, g1 gc, windows-amd64)
GC Precious Log:
 CPUs: 8 total, 8 available
 Memory: 7834M
 Large Page Support: Disabled
 NUMA Support: Disabled
 Compressed Oops: Enabled (32-bit)
 Heap Region Size: 1M
 Heap Min Capacity: 8M
 Heap Initial Capacity: 124M
 Heap Max Capacity: 1960M
 Pre-touch: Disabled
 Parallel Workers: 8
 Concurrent Workers: 2
 Concurrent Refinement Workers: 8
 Periodic GC: Disabled
Heap:
 garbage-first heap   total 126976K, used 47431K [0x0000000085800000, 0x0000000100000000)
  region size 1024K, 3 young (3072K), 3 survivors (3072K)
 Metaspace       used 26723K, committed 27008K, reserved 1114112K
  class space    used 3070K, committed 3200K, reserved 1048576K
GC Heap History (19 events):
Event: 0.792 GC heap before
{Heap before GC invocations=0 (full 0):
 garbage-first heap   total 126976K, used 22528K [0x0000000085800000, 0x0000000100000000)
  region size 1024K, 23 young (23552K), 0 survivors (0K)
 Metaspace       used 5497K, committed 5696K, reserved 1114112K
  class space    used 665K, committed 768K, reserved 1048576K
}
Event: 0.800 GC heap after
{Heap after GC invocations=1 (full 0):
 garbage-first heap   total 126976K, used 3692K [0x0000000085800000, 0x0000000100000000)
  region size 1024K, 3 young (3072K), 3 survivors (3072K)
 Metaspace       used 5497K, committed 5696K, reserved 1114112K
  class space    used 665K, committed 768K, reserved 1048576K
}
Event: 1.315 GC heap before
{Heap before GC invocations=1 (full 0):
 garbage-first heap   total 126976K, used 35436K [0x0000000085800000, 0x0000000100000000)
  region size 1024K, 34 young (34816K), 3 survivors (3072K)
 Metaspace       used 10097K, committed 10240K, reserved 1114112K
  class space    used 1235K, committed 1280K, reserved 1048576K
}
Event: 1.323 GC heap after
{Heap after GC invocations=2 (full 0):
 garbage-first heap   total 126976K, used 5774K [0x0000000085800000, 0x0000000100000000)
  region size 1024K, 2 young (2048K), 2 survivors (2048K)
 Metaspace       used 10097K, committed 10240K, reserved 1114112K
  class space    used 1235K, committed 1280K, reserved 1048576K
}
Event: 2.943 GC heap before
{Heap before GC invocations=2 (full 0):
 garbage-first heap   total 126976K, used 79502K [0x0000000085800000, 0x0000000100000000)
  region size 1024K, 74 young (75776K), 2 survivors (2048K)
 Metaspace       used 15693K, committed 15872K, reserved 1114112K
  class space    used 1868K, committed 1920K, reserved 1048576K
}
Event: 2.958 GC heap after
{Heap after GC invocations=3 (full 0):
 garbage-first heap   total 126976K, used 13925K [0x0000000085800000, 0x0000000100000000)
  region size 1024K, 10 young (10240K), 10 survivors (10240K)
 Metaspace       used 15693K, committed 15872K, reserved 1114112K
  class space    used 1868K, committed 1920K, reserved 1048576K
}
Event: 8.953 GC heap before
{Heap before GC invocations=3 (full 0):
 garbage-first heap   total 126976K, used 79461K [0x0000000085800000, 0x0000000100000000)
  region size 1024K, 74 young (75776K), 10 survivors (10240K)
 Metaspace       used 16192K, committed 16384K, reserved 1114112K
  class space    used 1878K, committed 1920K, reserved 1048576K
}
Event: 8.980 GC heap after
{Heap after GC invocations=4 (full 0):
 garbage-first heap   total 126976K, used 17178K [0x0000000085800000, 0x0000000100000000)
  region size 1024K, 4 young (4096K), 4 survivors (4096K)
 Metaspace       used 16192K, committed 16384K, reserved 1114112K
  class space    used 1878K, committed 1920K, reserved 1048576K
}
Event: 11.705 GC heap before
{Heap before GC invocations=4 (full 0):
 garbage-first heap   total 126976K, used 111386K [0x0000000085800000, 0x0000000100000000)
  region size 1024K, 62 young (63488K), 4 survivors (4096K)
 Metaspace       used 20385K, committed 20672K, reserved 1114112K
  class space    used 2340K, committed 2496K, reserved 1048576K
}
Event: 11.720 GC heap after
{Heap after GC invocations=5 (full 0):
 garbage-first heap   total 126976K, used 21595K [0x0000000085800000, 0x0000000100000000)
  region size 1024K, 6 young (6144K), 6 survivors (6144K)
 Metaspace       used 20385K, committed 20672K, reserved 1114112K
  class space    used 2340K, committed 2496K, reserved 1048576K
}
Event: 11.902 GC heap before
{Heap before GC invocations=5 (full 0):
 garbage-first heap   total 126976K, used 27739K [0x0000000085800000, 0x0000000100000000)
  region size 1024K, 11 young (11264K), 6 survivors (6144K)
 Metaspace       used 21245K, committed 21504K, reserved 1114112K
  class space    used 2480K, committed 2624K, reserved 1048576K
}
Event: 11.917 GC heap after
{Heap after GC invocations=6 (full 0):
 garbage-first heap   total 126976K, used 24762K [0x0000000085800000, 0x0000000100000000)
  region size 1024K, 6 young (6144K), 6 survivors (6144K)
 Metaspace       used 21245K, committed 21504K, reserved 1114112K
  class space    used 2480K, committed 2624K, reserved 1048576K
}
Event: 13.060 GC heap before
{Heap before GC invocations=7 (full 0):
 garbage-first heap   total 89088K, used 59578K [0x0000000085800000, 0x0000000100000000)
  region size 1024K, 39 young (39936K), 6 survivors (6144K)
 Metaspace       used 25871K, committed 26176K, reserved 1114112K
  class space    used 2990K, committed 3136K, reserved 1048576K
}
Event: 13.085 GC heap after
{Heap after GC invocations=8 (full 0):
 garbage-first heap   total 89088K, used 37050K [0x0000000085800000, 0x0000000100000000)
  region size 1024K, 6 young (6144K), 6 survivors (6144K)
 Metaspace       used 25871K, committed 26176K, reserved 1114112K
  class space    used 2990K, committed 3136K, reserved 1048576K
}
Event: 13.105 GC heap before
{Heap before GC invocations=8 (full 0):
 garbage-first heap   total 89088K, used 38074K [0x0000000085800000, 0x0000000100000000)
  region size 1024K, 7 young (7168K), 6 survivors (6144K)
 Metaspace       used 25872K, committed 26176K, reserved 1114112K
  class space    used 2990K, committed 3136K, reserved 1048576K
}
Event: 13.116 GC heap after
{Heap after GC invocations=9 (full 0):
 garbage-first heap   total 89088K, used 38400K [0x0000000085800000, 0x0000000100000000)
  region size 1024K, 1 young (1024K), 1 survivors (1024K)
 Metaspace       used 25872K, committed 26176K, reserved 1114112K
  class space    used 2990K, committed 3136K, reserved 1048576K
}
Event: 13.495 GC heap before
{Heap before GC invocations=9 (full 0):
 garbage-first heap   total 89088K, used 56832K [0x0000000085800000, 0x0000000100000000)
  region size 1024K, 19 young (19456K), 1 survivors (1024K)
 Metaspace       used 26481K, committed 26816K, reserved 1114112K
  class space    used 3062K, committed 3200K, reserved 1048576K
}
Event: 13.504 GC heap after
{Heap after GC invocations=10 (full 0):
 garbage-first heap   total 89088K, used 43584K [0x0000000085800000, 0x0000000100000000)
  region size 1024K, 3 young (3072K), 3 survivors (3072K)
 Metaspace       used 26481K, committed 26816K, reserved 1114112K
  class space    used 3062K, committed 3200K, reserved 1048576K
}
Event: 13.733 GC heap before
{Heap before GC invocations=10 (full 0):
 garbage-first heap   total 89088K, used 60992K [0x0000000085800000, 0x0000000100000000)
  region size 1024K, 20 young (20480K), 3 survivors (3072K)
 Metaspace       used 26723K, committed 27008K, reserved 1114112K
  class space    used 3070K, committed 3200K, reserved 1048576K
}

